This is pdfTeX, Version 3.1415926-2.5-1.40.14 (TeX Live 2013) (format=pdflatex 2013.5.30)  18 MAR 2019 17:25
entering extended mode
 restricted \write18 enabled.
 %&-line parsing enabled.
**supp.tex
(./supp.tex
LaTeX2e <2011/06/27>
Babel <3.9f> and hyphenation patterns for 78 languages loaded.
(/usr/local/texlive/2013/texmf-dist/tex/latex/revtex/revtex4-1.cls
Document Class: revtex4-1 2010/07/25/20:33:00 4.1r (http://publish.aps.org/revt
ex4/ for documentation)
 Copyright (c) 2009 The American Physical Society.
 mailto:revtex@aps.org
 Licensed under the LPPL:
http://www.ctan.org/tex-archive/macros/latex/base/lppl.txt
 Arthur Ogawa <arthur_ogawa at sbcglobal dot net>
 Based on work by David Carlisle <david at dcarlisle.demon.co.uk>.
ltxutil[2010/07/25/20:33:00 4.1r utilities package (portions licensed from W. E
. Baxter web at superscript.com)]
LaTeX Info: Redefining \@centercr on input line 308.
Class revtex4-1 Info: Repairing broken LaTeX eqnarray on input line 358.
\eqncolsep=\skip41
Class revtex4-1 Info: Repairing hyperref-unfriendly LaTeX definition of \mpfoot
note on input line 433.
Class revtex4-1 Info: Repairing broken LateX \@sect on input line 755.
\intertabularlinepenalty=\count79
\@tbpen=\count80
\@arstrutbox@hline=\box26
Class revtex4-1 Info: Repairing broken LaTeX \@xbitor on input line 1786.
Class revtex4-1 Info: Making \typeout \long on input line 2046.
ltxfront[2010/07/25/20:33:00 4.1r frontmatter package (AO,DPC)]
\c@affil=\count81
\c@collab=\count82
\absbox=\box27
ltxgrid[2010/07/25/20:33:00 4.1r page grid package (portions licensed from W. E
. Baxter web at superscript.com)]
\c@linecount=\count83
\output@latex=\toks14
\box@size@1=\box28
\box@size@2=\box29
\@protection@box=\box30
\@topmark@saved=\toks15
\footins@saved=\box31
\footins@recovered=\box32
\column@recovered=\box33
\pagesofar=\box34
\footsofar=\box35
\pagegrid@col=\count84
Class revtex4-1 Info: Overriding \@vspace, \@vspacer, \@no@pgbk, \@newline, and
 \\  on input line 5578.
\c@part=\count85
\c@section=\count86
\c@subsection=\count87
\c@subsubsection=\count88
\c@paragraph=\count89
\c@subparagraph=\count90
\abovecaptionskip=\skip42
\belowcaptionskip=\skip43
\c@figure=\count91
\fbox@1=\box36
\c@table=\count92
\fbox@2=\box37
\c@video=\count93
\fbox@4=\box38
\@bibdataout=\write3
\widetext@top=\box39
\widetext@bot=\box40
Class revtex4-1 Info: Selecting society aps on input line 7542.
(/usr/local/texlive/2013/texmf-dist/tex/latex/revtex/aps4-1.rtx
File: aps4-1 2010/07/25/20:33:00 4.1r (http://publish.aps.org/revtex4/ for docu
mentation)
Class revtex4-1 Info: RevTeX society APS selected on input line 31.
)
Class revtex4-1 Info: Selecting journal prb on input line 7544.
Class revtex4-1 Info: APS journal PRB selected on input line 7545.


Class revtex4-1 Warning: No type size specified, using default 10.

(/usr/local/texlive/2013/texmf-dist/tex/latex/revtex/aps10pt4-1.rtx
File: aps10pt4-1 2010/07/25/20:33:00 4.1r (http://publish.aps.org/revtex4/ for 
documentation)
Class revtex4-1 Info: RevTeX pointsize 10pt selected on input line 30.
)
(/usr/local/texlive/2013/texmf-dist/tex/latex/textcase/textcase.sty
Package: textcase 2004/10/07 v0.07 Text only upper/lower case changing (DPC)
)
(/usr/local/texlive/2013/texmf-dist/tex/latex/amsfonts/amsfonts.sty
Package: amsfonts 2013/01/14 v3.01 Basic AMSFonts support
\@emptytoks=\toks16
\symAMSa=\mathgroup4
\symAMSb=\mathgroup5
LaTeX Font Info:    Overwriting math alphabet `\mathfrak' in version `bold'
(Font)                  U/euf/m/n --> U/euf/b/n on input line 106.
)
(/usr/local/texlive/2013/texmf-dist/tex/latex/amsfonts/amssymb.sty
Package: amssymb 2013/01/14 v3.01 AMS font symbols
)
(/usr/local/texlive/2013/texmf-dist/tex/latex/amsmath/amsmath.sty
Package: amsmath 2013/01/14 v2.14 AMS math features
\@mathmargin=\skip44

For additional information on amsmath, use the `?' option.
(/usr/local/texlive/2013/texmf-dist/tex/latex/amsmath/amstext.sty
Package: amstext 2000/06/29 v2.01

(/usr/local/texlive/2013/texmf-dist/tex/latex/amsmath/amsgen.sty
File: amsgen.sty 1999/11/30 v2.0
\@emptytoks=\toks17
\ex@=\dimen102
)
LaTeX Info: Redefining \text on input line 39.
)
(/usr/local/texlive/2013/texmf-dist/tex/latex/amsmath/amsbsy.sty
Package: amsbsy 1999/11/29 v1.2d
\pmbraise@=\dimen103
)
(/usr/local/texlive/2013/texmf-dist/tex/latex/amsmath/amsopn.sty
Package: amsopn 1999/12/14 v2.01 operator names
)
\inf@bad=\count94
LaTeX Info: Redefining \frac on input line 210.
\uproot@=\count95
\leftroot@=\count96
LaTeX Info: Redefining \overline on input line 306.
\classnum@=\count97
\DOTSCASE@=\count98
LaTeX Info: Redefining \ldots on input line 378.
LaTeX Info: Redefining \dots on input line 381.
LaTeX Info: Redefining \cdots on input line 466.
\Mathstrutbox@=\box41
\strutbox@=\box42
\big@size=\dimen104
LaTeX Font Info:    Redeclaring font encoding OML on input line 566.
LaTeX Font Info:    Redeclaring font encoding OMS on input line 567.
\macc@depth=\count99
\c@MaxMatrixCols=\count100
\dotsspace@=\muskip10
\c@parentequation=\count101
\dspbrk@lvl=\count102
\tag@help=\toks18
\row@=\count103
\column@=\count104
\maxfields@=\count105
\andhelp@=\toks19
\eqnshift@=\dimen105
\alignsep@=\dimen106
\tagshift@=\dimen107
\tagwidth@=\dimen108
\totwidth@=\dimen109
\lineht@=\dimen110
\@envbody=\toks20
\multlinegap=\skip45
\multlinetaggap=\skip46
\mathdisplay@stack=\toks21
LaTeX Info: Redefining \[ on input line 2665.
LaTeX Info: Redefining \] on input line 2666.
)
(/usr/local/texlive/2013/texmf-dist/tex/latex/url/url.sty
\Urlmuskip=\muskip11
Package: url 2006/04/12  ver 3.3  Verb mode for urls, etc.
)
(/usr/local/texlive/2013/texmf-dist/tex/latex/natbib/natbib.sty
Package: natbib 2010/09/13 8.31b (PWD, AO)
\bibhang=\skip47
\bibsep=\skip48
LaTeX Info: Redefining \cite on input line 694.
\c@NAT@ctr=\count106
)
Class revtex4-1 Info: Repairing natbib's \BibitemShut on input line 7549.

(/usr/local/texlive/2013/texmf-dist/tex/latex/revtex/revsymb4-1.sty
Package: revsymb4-1 2010/07/25/20:33:00 4.1r (http://publish.aps.org/revtex4/ f
or documentation)
LaTeX Info: Redefining \frak on input line 95.
LaTeX Info: Redefining \Bbb on input line 111.
LaTeX Info: Redefining \REV@mathfrak on input line 119.
))
(/usr/local/texlive/2013/texmf-dist/tex/latex/graphics/graphicx.sty
Package: graphicx 1999/02/16 v1.0f Enhanced LaTeX Graphics (DPC,SPQR)

(/usr/local/texlive/2013/texmf-dist/tex/latex/graphics/keyval.sty
Package: keyval 1999/03/16 v1.13 key=value parser (DPC)
\KV@toks@=\toks22
)
(/usr/local/texlive/2013/texmf-dist/tex/latex/graphics/graphics.sty
Package: graphics 2009/02/05 v1.0o Standard LaTeX Graphics (DPC,SPQR)

(/usr/local/texlive/2013/texmf-dist/tex/latex/graphics/trig.sty
Package: trig 1999/03/16 v1.09 sin cos tan (DPC)
)
(/usr/local/texlive/2013/texmf-dist/tex/latex/latexconfig/graphics.cfg
File: graphics.cfg 2010/04/23 v1.9 graphics configuration of TeX Live
)
Package graphics Info: Driver file: pdftex.def on input line 91.

(/usr/local/texlive/2013/texmf-dist/tex/latex/pdftex-def/pdftex.def
File: pdftex.def 2011/05/27 v0.06d Graphics/color for pdfTeX

(/usr/local/texlive/2013/texmf-dist/tex/generic/oberdiek/infwarerr.sty
Package: infwarerr 2010/04/08 v1.3 Providing info/warning/error messages (HO)
)
(/usr/local/texlive/2013/texmf-dist/tex/generic/oberdiek/ltxcmds.sty
Package: ltxcmds 2011/11/09 v1.22 LaTeX kernel commands for general use (HO)
)
\Gread@gobject=\count107
))
\Gin@req@height=\dimen111
\Gin@req@width=\dimen112
)
(/usr/local/texlive/2013/texmf-dist/tex/latex/geometry/geometry.sty
Package: geometry 2010/09/12 v5.6 Page Geometry

(/usr/local/texlive/2013/texmf-dist/tex/generic/oberdiek/ifpdf.sty
Package: ifpdf 2011/01/30 v2.3 Provides the ifpdf switch (HO)
Package ifpdf Info: pdfTeX in PDF mode is detected.
)
(/usr/local/texlive/2013/texmf-dist/tex/generic/oberdiek/ifvtex.sty
Package: ifvtex 2010/03/01 v1.5 Detect VTeX and its facilities (HO)
Package ifvtex Info: VTeX not detected.
)
(/usr/local/texlive/2013/texmf-dist/tex/generic/ifxetex/ifxetex.sty
Package: ifxetex 2010/09/12 v0.6 Provides ifxetex conditional
)
\Gm@cnth=\count108
\Gm@cntv=\count109
\c@Gm@tempcnt=\count110
\Gm@bindingoffset=\dimen113
\Gm@wd@mp=\dimen114
\Gm@odd@mp=\dimen115
\Gm@even@mp=\dimen116
\Gm@layoutwidth=\dimen117
\Gm@layoutheight=\dimen118
\Gm@layouthoffset=\dimen119
\Gm@layoutvoffset=\dimen120
\Gm@dimlist=\toks23
)
(/usr/local/texlive/2013/texmf-dist/tex/latex/newtx/newtxtext.sty
Package: newtxtext 2013/05/19 v1.10

`newtxtext' v1.10, 2013/05/19 Text macros based on txfonts (msharpe)
(/usr/local/texlive/2013/texmf-dist/tex/latex/fontaxes/fontaxes.sty
Package: fontaxes 2011/12/16 v1.0c Font selection axes
LaTeX Info: Redefining \upshape on input line 29.
LaTeX Info: Redefining \itshape on input line 31.
LaTeX Info: Redefining \slshape on input line 33.
LaTeX Info: Redefining \scshape on input line 37.
)
(/usr/local/texlive/2013/texmf-dist/tex/latex/xkeyval/xkeyval.sty
Package: xkeyval 2012/10/14 v2.6b package option processing (HA)

(/usr/local/texlive/2013/texmf-dist/tex/generic/xkeyval/xkeyval.tex
\XKV@toks=\toks24
\XKV@tempa@toks=\toks25
\XKV@depth=\count111
File: xkeyval.tex 2012/10/14 v2.6b key=value parser (HA)
))
(/usr/local/texlive/2013/texmf-dist/tex/latex/base/fontenc.sty
Package: fontenc 2005/09/27 v1.99g Standard LaTeX package

(/usr/local/texlive/2013/texmf-dist/tex/latex/base/t1enc.def
File: t1enc.def 2005/09/27 v1.99g Standard LaTeX file
LaTeX Font Info:    Redeclaring font encoding T1 on input line 43.
)))
(/usr/local/texlive/2013/texmf-dist/tex/latex/newtx/newtxmath.sty
Package: newtxmath 2013/05/25 v1.11

`newtxmath' v1.11, 2013/05/25 Math macros based on txfonts (msharpe)
(/usr/local/texlive/2013/texmf-dist/tex/generic/kastrup/binhex.tex)
\tx@Isdigit=\count112
LaTeX Font Info:    Redeclaring symbol font `operators' on input line 68.
LaTeX Font Info:    Encoding `OT1' has changed to `T1' for symbol font
(Font)              `operators' in the math version `normal' on input line 68.
LaTeX Font Info:    Overwriting symbol font `operators' in version `normal'
(Font)                  OT1/cmr/m/n --> T1/ntxrx/m/n on input line 68.
LaTeX Font Info:    Encoding `OT1' has changed to `T1' for symbol font
(Font)              `operators' in the math version `bold' on input line 68.
LaTeX Font Info:    Overwriting symbol font `operators' in version `bold'
(Font)                  OT1/cmr/bx/n --> T1/ntxrx/m/n on input line 68.
LaTeX Font Info:    Overwriting symbol font `operators' in version `bold'
(Font)                  T1/ntxrx/m/n --> T1/ntxrx/b/n on input line 72.
LaTeX Font Info:    Redeclaring math alphabet \mathsf on input line 76.
LaTeX Font Info:    Overwriting math alphabet `\mathsf' in version `normal'
(Font)                  OT1/cmss/m/n --> T1/ntxss/m/n on input line 76.
LaTeX Font Info:    Overwriting math alphabet `\mathsf' in version `bold'
(Font)                  OT1/cmss/bx/n --> T1/ntxss/m/n on input line 76.
LaTeX Font Info:    Redeclaring math alphabet \mathit on input line 77.
LaTeX Font Info:    Overwriting math alphabet `\mathit' in version `normal'
(Font)                  OT1/cmr/m/it --> T1/ntxrx/m/it on input line 77.
LaTeX Font Info:    Overwriting math alphabet `\mathit' in version `bold'
(Font)                  OT1/cmr/bx/it --> T1/ntxrx/m/it on input line 77.
LaTeX Font Info:    Redeclaring math alphabet \mathtt on input line 78.
LaTeX Font Info:    Overwriting math alphabet `\mathtt' in version `normal'
(Font)                  OT1/cmtt/m/n --> T1/ntxtt/m/n on input line 78.
LaTeX Font Info:    Overwriting math alphabet `\mathtt' in version `bold'
(Font)                  OT1/cmtt/m/n --> T1/ntxtt/m/n on input line 78.
LaTeX Font Info:    Redeclaring math alphabet \mathbf on input line 84.
LaTeX Font Info:    Overwriting math alphabet `\mathbf' in version `normal'
(Font)                  OT1/cmr/bx/n --> T1/ntxrx/b/n on input line 84.
LaTeX Font Info:    Overwriting math alphabet `\mathbf' in version `bold'
(Font)                  OT1/cmr/bx/n --> T1/ntxrx/b/n on input line 84.
LaTeX Font Info:    Overwriting math alphabet `\mathit' in version `bold'
(Font)                  T1/ntxrx/m/it --> T1/ntxrx/b/it on input line 85.
LaTeX Font Info:    Overwriting math alphabet `\mathsf' in version `bold'
(Font)                  T1/ntxss/m/n --> T1/ntxss/b/n on input line 87.
LaTeX Font Info:    Overwriting math alphabet `\mathtt' in version `bold'
(Font)                  T1/ntxtt/m/n --> T1/ntxtt/b/n on input line 88.
LaTeX Font Info:    Redeclaring symbol font `letters' on input line 109.
LaTeX Font Info:    Overwriting symbol font `letters' in version `normal'
(Font)                  OML/cmm/m/it --> OML/ntxmi/m/it on input line 109.
LaTeX Font Info:    Overwriting symbol font `letters' in version `bold'
(Font)                  OML/cmm/b/it --> OML/ntxmi/m/it on input line 109.
LaTeX Font Info:    Overwriting symbol font `letters' in version `bold'
(Font)                  OML/ntxmi/m/it --> OML/ntxmi/b/it on input line 110.
\symlettersA=\mathgroup6
LaTeX Font Info:    Overwriting symbol font `lettersA' in version `bold'
(Font)                  U/ntxmia/m/it --> U/ntxmia/b/it on input line 121.
LaTeX Font Info:    Redeclaring math alphabet \mathfrak on input line 123.
LaTeX Font Info:    Redeclaring symbol font `symbols' on input line 129.
LaTeX Font Info:    Overwriting symbol font `symbols' in version `normal'
(Font)                  OMS/cmsy/m/n --> OMS/ntxsy/m/n on input line 129.
LaTeX Font Info:    Overwriting symbol font `symbols' in version `bold'
(Font)                  OMS/cmsy/b/n --> OMS/ntxsy/m/n on input line 129.
LaTeX Font Info:    Overwriting symbol font `symbols' in version `bold'
(Font)                  OMS/ntxsy/m/n --> OMS/ntxsy/b/n on input line 130.
LaTeX Font Info:    Redeclaring symbol font `AMSa' on input line 145.
LaTeX Font Info:    Overwriting symbol font `AMSa' in version `normal'
(Font)                  U/msa/m/n --> U/ntxsya/m/n on input line 145.
LaTeX Font Info:    Overwriting symbol font `AMSa' in version `bold'
(Font)                  U/msa/m/n --> U/ntxsya/m/n on input line 145.
LaTeX Font Info:    Overwriting symbol font `AMSa' in version `bold'
(Font)                  U/ntxsya/m/n --> U/ntxsya/b/n on input line 146.
LaTeX Font Info:    Redeclaring symbol font `AMSb' on input line 154.
LaTeX Font Info:    Overwriting symbol font `AMSb' in version `normal'
(Font)                  U/msb/m/n --> U/ntxsyb/m/n on input line 154.
LaTeX Font Info:    Overwriting symbol font `AMSb' in version `bold'
(Font)                  U/msb/m/n --> U/ntxsyb/m/n on input line 154.
LaTeX Font Info:    Overwriting symbol font `AMSb' in version `bold'
(Font)                  U/ntxsyb/m/n --> U/ntxsyb/b/n on input line 155.
\symsymbolsC=\mathgroup7
LaTeX Font Info:    Overwriting symbol font `symbolsC' in version `bold'
(Font)                  U/ntxsyc/m/n --> U/ntxsyc/b/n on input line 166.
LaTeX Font Info:    Redeclaring symbol font `largesymbols' on input line 178.
LaTeX Font Info:    Overwriting symbol font `largesymbols' in version `normal'
(Font)                  OMX/cmex/m/n --> OMX/ntxex/m/n on input line 178.
LaTeX Font Info:    Overwriting symbol font `largesymbols' in version `bold'
(Font)                  OMX/cmex/m/n --> OMX/ntxex/m/n on input line 178.
LaTeX Font Info:    Overwriting symbol font `largesymbols' in version `bold'
(Font)                  OMX/ntxex/m/n --> OMX/ntxex/b/n on input line 179.
\symlargesymbolsTXA=\mathgroup8
LaTeX Font Info:    Overwriting symbol font `largesymbolsTXA' in version `bold'

(Font)                  U/ntxexa/m/n --> U/ntxexa/b/n on input line 187.
LaTeX Info: Redefining \not on input line 1359.
)
(/usr/local/texlive/2013/texmf-dist/tex/latex/siunitx/siunitx.sty
(/usr/local/texlive/2013/texmf-dist/tex/latex/l3kernel/expl3.sty
(/usr/local/texlive/2013/texmf-dist/tex/latex/l3kernel/l3names.sty
(/usr/local/texlive/2013/texmf-dist/tex/latex/l3kernel/l3bootstrap.sty
Package: l3bootstrap 2013/01/08 v4420 L3 Experimental bootstrap code
)
Package: l3names 2012/12/07 v4346 L3 Namespace for primitives
)
(/usr/local/texlive/2013/texmf-dist/tex/latex/etex-pkg/etex.sty
Package: etex 1998/03/26 v2.0 eTeX basic definition package (PEB)
\et@xins=\count113
)
Package: expl3 2013/03/14 v4469 L3 Experimental code bundle wrapper

(/usr/local/texlive/2013/texmf-dist/tex/latex/l3kernel/l3basics.sty
Package: l3basics 2013/01/10 v4428 L3 Basic definitions
)
(/usr/local/texlive/2013/texmf-dist/tex/latex/l3kernel/l3expan.sty
Package: l3expan 2013/02/03 v4458 L3 Argument expansion
)
(/usr/local/texlive/2013/texmf-dist/tex/latex/l3kernel/l3tl.sty
Package: l3tl 2013/01/08 v4415 L3 Token lists
)
(/usr/local/texlive/2013/texmf-dist/tex/latex/l3kernel/l3seq.sty
Package: l3seq 2013/01/12 v4434 L3 Sequences and stacks
)
(/usr/local/texlive/2013/texmf-dist/tex/latex/l3kernel/l3int.sty
Package: l3int 2013/01/13 v4444 L3 Integers
\c_max_int=\count114
\l_tmpa_int=\count115
\l_tmpb_int=\count116
\g_tmpa_int=\count117
\g_tmpb_int=\count118
)
(/usr/local/texlive/2013/texmf-dist/tex/latex/l3kernel/l3quark.sty
Package: l3quark 2012/11/04 v4268 L3 Quarks
)
(/usr/local/texlive/2013/texmf-dist/tex/latex/l3kernel/l3prg.sty
Package: l3prg 2013/02/13 v4459 L3 Control structures
\g__prg_map_int=\count119
)
(/usr/local/texlive/2013/texmf-dist/tex/latex/l3kernel/l3clist.sty
Package: l3clist 2013/01/08 v4414 L3 Comma separated lists
)
(/usr/local/texlive/2013/texmf-dist/tex/latex/l3kernel/l3token.sty
Package: l3token 2013/01/10 v4428 L3 Experimental token manipulation
)
(/usr/local/texlive/2013/texmf-dist/tex/latex/l3kernel/l3prop.sty
Package: l3prop 2013/01/09 v4423 L3 Property lists
)
(/usr/local/texlive/2013/texmf-dist/tex/latex/l3kernel/l3msg.sty
Package: l3msg 2013/01/08 v4412 L3 Messages
)
(/usr/local/texlive/2013/texmf-dist/tex/latex/l3kernel/l3file.sty
Package: l3file 2013/01/14 v4446 L3 File and I/O operations
\l_iow_line_count_int=\count120
\l__iow_target_count_int=\count121
\l__iow_current_line_int=\count122
\l__iow_current_word_int=\count123
\l__iow_current_indentation_int=\count124
)
(/usr/local/texlive/2013/texmf-dist/tex/latex/l3kernel/l3skip.sty
Package: l3skip 2013/01/13 v4444 L3 Dimensions and skips
\c_zero_dim=\dimen121
\c_max_dim=\dimen122
\l_tmpa_dim=\dimen123
\l_tmpb_dim=\dimen124
\g_tmpa_dim=\dimen125
\g_tmpb_dim=\dimen126
\c_zero_skip=\skip49
\c_max_skip=\skip50
\l_tmpa_skip=\skip51
\l_tmpb_skip=\skip52
\g_tmpa_skip=\skip53
\g_tmpb_skip=\skip54
\c_zero_muskip=\muskip12
\c_max_muskip=\muskip13
\l_tmpa_muskip=\muskip14
\l_tmpb_muskip=\muskip15
\g_tmpa_muskip=\muskip16
\g_tmpb_muskip=\muskip17
)
(/usr/local/texlive/2013/texmf-dist/tex/latex/l3kernel/l3keys.sty
Package: l3keys 2013/02/24 v4461 L3 Experimental key-value interfaces
\g__keyval_level_int=\count125
\l_keys_choice_int=\count126
)
(/usr/local/texlive/2013/texmf-dist/tex/latex/l3kernel/l3fp.sty
Package: l3fp 2013/01/19 v4449 L3 Floating points
\c__fp_leading_shift_int=\count127
\c__fp_middle_shift_int=\count128
\c__fp_trailing_shift_int=\count129
\c__fp_big_leading_shift_int=\count130
\c__fp_big_middle_shift_int=\count131
\c__fp_big_trailing_shift_int=\count132
\c__fp_Bigg_leading_shift_int=\count133
\c__fp_Bigg_middle_shift_int=\count134
\c__fp_Bigg_trailing_shift_int=\count135
)
(/usr/local/texlive/2013/texmf-dist/tex/latex/l3kernel/l3box.sty
Package: l3box 2013/01/08 v4411 L3 Experimental boxes
\c_empty_box=\box43
\l_tmpa_box=\box44
\l_tmpb_box=\box45
\g_tmpa_box=\box46
\g_tmpb_box=\box47
)
(/usr/local/texlive/2013/texmf-dist/tex/latex/l3kernel/l3coffins.sty
Package: l3coffins 2012/09/09 v4212 L3 Coffin code layer
\l__coffin_internal_box=\box48
\l__coffin_internal_dim=\dimen127
\l__coffin_offset_x_dim=\dimen128
\l__coffin_offset_y_dim=\dimen129
\l__coffin_x_dim=\dimen130
\l__coffin_y_dim=\dimen131
\l__coffin_x_prime_dim=\dimen132
\l__coffin_y_prime_dim=\dimen133
\c_empty_coffin=\box49
\l__coffin_aligned_coffin=\box50
\l__coffin_aligned_internal_coffin=\box51
\l_tmpa_coffin=\box52
\l_tmpb_coffin=\box53
\l__coffin_display_coffin=\box54
\l__coffin_display_coord_coffin=\box55
\l__coffin_display_pole_coffin=\box56
\l__coffin_display_offset_dim=\dimen134
\l__coffin_display_x_dim=\dimen135
\l__coffin_display_y_dim=\dimen136
)
(/usr/local/texlive/2013/texmf-dist/tex/latex/l3kernel/l3color.sty
Package: l3color 2012/08/29 v4156 L3 Experimental color support
)
(/usr/local/texlive/2013/texmf-dist/tex/latex/l3kernel/l3luatex.sty
Package: l3luatex 2012/08/03 v4049 L3 Experimental LuaTeX-specific functions
\g__cctab_allocate_int=\count136
\g__cctab_stack_int=\count137
)
(/usr/local/texlive/2013/texmf-dist/tex/latex/l3kernel/l3candidates.sty
Package: l3candidates 2013/03/14 v4468 L3 Experimental additions to l3kernel
\l__box_top_dim=\dimen137
\l__box_bottom_dim=\dimen138
\l__box_left_dim=\dimen139
\l__box_right_dim=\dimen140
\l__box_top_new_dim=\dimen141
\l__box_bottom_new_dim=\dimen142
\l__box_left_new_dim=\dimen143
\l__box_right_new_dim=\dimen144
\l__box_internal_box=\box57
\l__coffin_bounding_shift_dim=\dimen145
\l__coffin_left_corner_dim=\dimen146
\l__coffin_right_corner_dim=\dimen147
\l__coffin_bottom_corner_dim=\dimen148
\l__coffin_top_corner_dim=\dimen149
\l__coffin_scaled_total_height_dim=\dimen150
\l__coffin_scaled_width_dim=\dimen151
))
(/usr/local/texlive/2013/texmf-dist/tex/latex/l3packages/xparse/xparse.sty
Package: xparse 2013/03/12 v4467 L3 Experimental document command parser
\l__xparse_current_arg_int=\count138
\l__xparse_m_args_int=\count139
\l__xparse_mandatory_args_int=\count140
\l__xparse_processor_int=\count141
\l__xparse_v_nesting_int=\count142
)
Package: siunitx 2013/03/11 v2.5q A comprehensive (SI) units package

(/usr/local/texlive/2013/texmf-dist/tex/latex/tools/array.sty
Package: array 2008/09/09 v2.4c Tabular extension package (FMi)
\col@sep=\dimen152
\extrarowheight=\dimen153
\NC@list=\toks26
\extratabsurround=\skip55
\backup@length=\skip56
)
(/usr/local/texlive/2013/texmf-dist/tex/latex/l3packages/l3keys2e/l3keys2e.sty
Package: l3keys2e 2013/03/12 v4467 LaTeX2e option processing using LaTeX3 keys
)
Variant \tl_if_blank:VTF already defined; not changing it on line 50
\l__siunitx_tmp_box=\box58
\l__siunitx_tmp_dim=\dimen154
\l__siunitx_tmp_int=\count143
Variant \prop_get:NVNT already defined; not changing it on line 371
Variant \prop_get:NVNF already defined; not changing it on line 372
Variant \prop_get:NVNTF already defined; not changing it on line 373
\l__siunitx_number_mantissa_length_int=\count144
\l__siunitx_number_uncert_length_int=\count145
\l__siunitx_round_int=\count146
\l__siunitx_process_decimal_int=\count147
\l__siunitx_process_uncertainty_int=\count148
\l__siunitx_process_fixed_int=\count149
\l__siunitx_process_integer_min_int=\count150
\l__siunitx_process_precision_int=\count151
\l__siunitx_group_min_int=\count152
\l__siunitx_angle_marker_box=\box59
\l__siunitx_angle_unit_box=\box60
\l__siunitx_angle_marker_dim=\dimen155
\l__siunitx_angle_unit_dim=\dimen156
\l__siunitx_unit_int=\count153
\l__siunitx_unit_denominator_int=\count154
\l__siunitx_unit_numerator_int=\count155
\l__siunitx_unit_prefix_int=\count156
\l__siunitx_unit_prefix_base_int=\count157
\l__siunitx_unit_prefix_gram_int=\count158
\l__siunitx_number_product_int=\count159
\c__siunitx_one_fill_skip=\skip57
\l__siunitx_table_unit_align_skip=\skip58
\l__siunitx_table_exponent_dim=\dimen157
\l__siunitx_table_integer_dim=\dimen158
\l__siunitx_table_mantissa_dim=\dimen159
\l__siunitx_table_marker_dim=\dimen160
\l__siunitx_table_result_dim=\dimen161
\l__siunitx_table_uncert_dim=\dimen162
\l__siunitx_table_fill_pre_dim=\dimen163
\l__siunitx_table_fill_post_dim=\dimen164
\l__siunitx_table_fill_mid_dim=\dimen165
\l__siunitx_table_pre_box=\box61
\l__siunitx_table_post_box=\box62
\l__siunitx_table_mantissa_box=\box63
\l__siunitx_table_result_box=\box64
\l__siunitx_table_number_align_skip=\skip59
\l__siunitx_table_text_align_skip=\skip60
.................................................
. LaTeX info: "xparse/define-command"
. 
. Defining document command \DeclareBinaryPrefix with arg. spec. 'mmm' on line
. 7101.
.................................................
.................................................
. LaTeX info: "xparse/define-command"
. 
. Defining document command \DeclareSIPostPower with arg. spec. 'mm' on line
. 7104.
.................................................
.................................................
. LaTeX info: "xparse/define-command"
. 
. Defining document command \DeclareSIPrefix with arg. spec. 'mmm' on line
. 7107.
.................................................
.................................................
. LaTeX info: "xparse/define-command"
. 
. Defining document command \DeclareSIPrePower with arg. spec. 'mm' on line
. 7110.
.................................................
.................................................
. LaTeX info: "xparse/define-command"
. 
. Defining document command \DeclareSIQualifier with arg. spec. 'mm' on line
. 7113.
.................................................
.................................................
. LaTeX info: "xparse/define-command"
. 
. Defining document command \DeclareSIUnit with arg. spec. 'O{}mm' on line
. 7116.
.................................................
.................................................
. LaTeX info: "xparse/define-command"
. 
. Defining document command \DeclareSIUnitWithOptions with arg. spec. 'mmm' on
. line 7119.
.................................................
.................................................
. LaTeX info: "xparse/define-command"
. 
. Defining document command \ang with arg. spec. 'o>{\SplitArgument {2}{;}}m'
. on line 7134.
.................................................
.................................................
. LaTeX info: "xparse/define-command"
. 
. Defining document command \num with arg. spec. 'om' on line 7142.
.................................................
.................................................
. LaTeX info: "xparse/define-command"
. 
. Defining document command \numlist with arg. spec. 'o>{\SplitList {;}}m' on
. line 7150.
.................................................
.................................................
. LaTeX info: "xparse/define-command"
. 
. Defining document command \numrange with arg. spec. 'omm' on line 7158.
.................................................
.................................................
. LaTeX info: "xparse/define-command"
. 
. Defining document command \SIlist with arg. spec. 'o>{\SplitList {;}}mm' on
. line 7169.
.................................................
.................................................
. LaTeX info: "xparse/define-command"
. 
. Defining document command \SIrange with arg. spec. 'ommm' on line 7180.
.................................................
.................................................
. LaTeX info: "xparse/define-command"
. 
. Defining document command \SI with arg. spec. 'omom' on line 7191.
.................................................
.................................................
. LaTeX info: "xparse/define-command"
. 
. Defining document command \sisetup with arg. spec. 'm' on line 7194.
.................................................
.................................................
. LaTeX info: "xparse/define-command"
. 
. Defining document command \tablenum with arg. spec. 'om' on line 7206.
.................................................
.................................................
. LaTeX info: "xparse/define-command"
. 
. Defining document command \si with arg. spec. 'om' on line 7217.
.................................................
.................................................
. LaTeX info: "xparse/define-command"
. 
. Defining document command \__siunitx_bookmark_num:w with arg. spec. 'om' on
. line 7262.
.................................................
.................................................
. LaTeX info: "xparse/define-command"
. 
. Defining document command \__siunitx_bookmark_numrange:w with arg. spec.
. 'omm' on line 7264.
.................................................
.................................................
. LaTeX info: "xparse/define-command"
. 
. Defining document command \__siunitx_bookmark_SI:w with arg. spec. 'omom' on
. line 7266.
.................................................
.................................................
. LaTeX info: "xparse/define-command"
. 
. Defining document command \__siunitx_bookmark_SIlist:w with arg. spec. 'omm'
. on line 7268.
.................................................
.................................................
. LaTeX info: "xparse/define-command"
. 
. Defining document command \__siunitx_bookmark_SIrange:w with arg. spec.
. 'ommm' on line 7270.
.................................................
.................................................
. LaTeX info: "xparse/define-command"
. 
. Defining document command \__siunitx_bookmark_si:w with arg. spec. 'om' on
. line 7271.
.................................................
\g__file_internal_ior=\read1
(/usr/local/texlive/2013/texmf-dist/tex/latex/beamer/translator/translator.sty
Package: translator 2010/06/12 ver 1.10

(/usr/local/texlive/2013/texmf-dist/tex/latex/beamer/translator/translator-lang
uage-mappings.tex)))
(/usr/local/texlive/2013/texmf-dist/tex/latex/xcolor/xcolor.sty
Package: xcolor 2007/01/21 v2.11 LaTeX color extensions (UK)

(/usr/local/texlive/2013/texmf-dist/tex/latex/latexconfig/color.cfg
File: color.cfg 2007/01/18 v1.5 color configuration of teTeX/TeXLive
)
Package xcolor Info: Driver file: pdftex.def on input line 225.
Package xcolor Info: Model `cmy' substituted by `cmy0' on input line 1337.
Package xcolor Info: Model `hsb' substituted by `rgb' on input line 1341.
Package xcolor Info: Model `RGB' extended on input line 1353.
Package xcolor Info: Model `HTML' substituted by `rgb' on input line 1355.
Package xcolor Info: Model `Hsb' substituted by `hsb' on input line 1356.
Package xcolor Info: Model `tHsb' substituted by `hsb' on input line 1357.
Package xcolor Info: Model `HSB' substituted by `hsb' on input line 1358.
Package xcolor Info: Model `Gray' substituted by `gray' on input line 1359.
Package xcolor Info: Model `wave' substituted by `hsb' on input line 1360.
)
(/usr/local/texlive/2013/texmf-dist/tex/latex/hyperref/hyperref.sty
Package: hyperref 2012/11/06 v6.83m Hypertext links for LaTeX

(/usr/local/texlive/2013/texmf-dist/tex/generic/oberdiek/hobsub-hyperref.sty
Package: hobsub-hyperref 2012/05/28 v1.13 Bundle oberdiek, subset hyperref (HO)


(/usr/local/texlive/2013/texmf-dist/tex/generic/oberdiek/hobsub-generic.sty
Package: hobsub-generic 2012/05/28 v1.13 Bundle oberdiek, subset generic (HO)
Package: hobsub 2012/05/28 v1.13 Construct package bundles (HO)
Package hobsub Info: Skipping package `infwarerr' (already loaded).
Package hobsub Info: Skipping package `ltxcmds' (already loaded).
Package: ifluatex 2010/03/01 v1.3 Provides the ifluatex switch (HO)
Package ifluatex Info: LuaTeX not detected.
Package hobsub Info: Skipping package `ifvtex' (already loaded).
Package: intcalc 2007/09/27 v1.1 Expandable calculations with integers (HO)
Package hobsub Info: Skipping package `ifpdf' (already loaded).
Package: etexcmds 2011/02/16 v1.5 Avoid name clashes with e-TeX commands (HO)
Package etexcmds Info: Could not find \expanded.
(etexcmds)             That can mean that you are not using pdfTeX 1.50 or
(etexcmds)             that some package has redefined \expanded.
(etexcmds)             In the latter case, load this package earlier.
Package: kvsetkeys 2012/04/25 v1.16 Key value parser (HO)
Package: kvdefinekeys 2011/04/07 v1.3 Define keys (HO)
Package: pdftexcmds 2011/11/29 v0.20 Utility functions of pdfTeX for LuaTeX (HO
)
Package pdftexcmds Info: LuaTeX not detected.
Package pdftexcmds Info: \pdf@primitive is available.
Package pdftexcmds Info: \pdf@ifprimitive is available.
Package pdftexcmds Info: \pdfdraftmode found.
Package: pdfescape 2011/11/25 v1.13 Implements pdfTeX's escape features (HO)
Package: bigintcalc 2012/04/08 v1.3 Expandable calculations on big integers (HO
)
Package: bitset 2011/01/30 v1.1 Handle bit-vector datatype (HO)
Package: uniquecounter 2011/01/30 v1.2 Provide unlimited unique counter (HO)
)
Package hobsub Info: Skipping package `hobsub' (already loaded).
Package: letltxmacro 2010/09/02 v1.4 Let assignment for LaTeX macros (HO)
Package: hopatch 2012/05/28 v1.2 Wrapper for package hooks (HO)
Package: xcolor-patch 2011/01/30 xcolor patch
Package: atveryend 2011/06/30 v1.8 Hooks at the very end of document (HO)
Package: atbegshi 2011/10/05 v1.16 At begin shipout hook (HO)
Package: refcount 2011/10/16 v3.4 Data extraction from label references (HO)
Package: hycolor 2011/01/30 v1.7 Color options for hyperref/bookmark (HO)
)
(/usr/local/texlive/2013/texmf-dist/tex/latex/oberdiek/auxhook.sty
Package: auxhook 2011/03/04 v1.3 Hooks for auxiliary files (HO)
)
(/usr/local/texlive/2013/texmf-dist/tex/latex/oberdiek/kvoptions.sty
Package: kvoptions 2011/06/30 v3.11 Key value format for package options (HO)
)
\@linkdim=\dimen166
\Hy@linkcounter=\count160
\Hy@pagecounter=\count161

(/usr/local/texlive/2013/texmf-dist/tex/latex/hyperref/pd1enc.def
File: pd1enc.def 2012/11/06 v6.83m Hyperref: PDFDocEncoding definition (HO)
)
\Hy@SavedSpaceFactor=\count162

(/usr/local/texlive/2013/texmf-dist/tex/latex/latexconfig/hyperref.cfg
File: hyperref.cfg 2002/06/06 v1.2 hyperref configuration of TeXLive
)
Package hyperref Info: Option `final' set `true' on input line 4319.
Package hyperref Info: Hyper figures OFF on input line 4443.
Package hyperref Info: Link nesting OFF on input line 4448.
Package hyperref Info: Hyper index ON on input line 4451.
Package hyperref Info: Plain pages OFF on input line 4458.
Package hyperref Info: Backreferencing OFF on input line 4463.
Package hyperref Info: Implicit mode ON; LaTeX internals redefined.
Package hyperref Info: Bookmarks ON on input line 4688.
LaTeX Info: Redefining \href on input line 4952.
\c@Hy@tempcnt=\count163
LaTeX Info: Redefining \url on input line 5041.
\XeTeXLinkMargin=\dimen167
\Fld@menulength=\count164
\Field@Width=\dimen168
\Fld@charsize=\dimen169
Package hyperref Info: Hyper figures OFF on input line 6295.
Package hyperref Info: Link nesting OFF on input line 6300.
Package hyperref Info: Hyper index ON on input line 6303.
Package hyperref Info: backreferencing OFF on input line 6310.
Package hyperref Info: Link coloring OFF on input line 6315.
Package hyperref Info: Link coloring with OCG OFF on input line 6320.
Package hyperref Info: PDF/A mode OFF on input line 6325.
LaTeX Info: Redefining \ref on input line 6365.
LaTeX Info: Redefining \pageref on input line 6369.
\Hy@abspage=\count165
\c@Item=\count166
\c@Hfootnote=\count167
)

Package hyperref Message: Driver (autodetected): hpdftex.

(/usr/local/texlive/2013/texmf-dist/tex/latex/hyperref/hpdftex.def
File: hpdftex.def 2012/11/06 v6.83m Hyperref driver for pdfTeX
\Fld@listcount=\count168
\c@bookmark@seq@number=\count169

(/usr/local/texlive/2013/texmf-dist/tex/latex/oberdiek/rerunfilecheck.sty
Package: rerunfilecheck 2011/04/15 v1.7 Rerun checks for auxiliary files (HO)
Package uniquecounter Info: New unique counter `rerunfilecheck' on input line 2
82.
)
\Hy@SectionHShift=\skip61
)
Package hyperref Info: Option `colorlinks' set `true' on input line 31.

(/usr/local/texlive/2013/texmf-dist/tex/latex/microtype/microtype.sty
Package: microtype 2013/05/23 v2.5a Micro-typographical refinements (RS)
\MT@toks=\toks27
\MT@count=\count170
LaTeX Info: Redefining \textls on input line 766.
\MT@outer@kern=\dimen170
LaTeX Info: Redefining \textmicrotypecontext on input line 1285.
\MT@listname@count=\count171

(/usr/local/texlive/2013/texmf-dist/tex/latex/microtype/microtype-pdftex.def
File: microtype-pdftex.def 2013/05/23 v2.5a Definitions specific to pdftex (RS)

LaTeX Info: Redefining \lsstyle on input line 915.
LaTeX Info: Redefining \lslig on input line 915.
\MT@outer@space=\skip62
)
Package microtype Info: Loading configuration file microtype.cfg.

(/usr/local/texlive/2013/texmf-dist/tex/latex/microtype/microtype.cfg
File: microtype.cfg 2013/05/23 v2.5a microtype main configuration file (RS)
))
(/usr/local/texlive/2013/texmf-dist/tex/latex/tools/xspace.sty
Package: xspace 2009/10/20 v1.13 Space after command names (DPC,MH)
)
(/usr/local/texlive/2013/texmf-dist/tex/latex/base/textcomp.sty
Package: textcomp 2005/09/27 v1.99g Standard LaTeX package
Package textcomp Info: Sub-encoding information:
(textcomp)               5 = only ISO-Adobe without \textcurrency
(textcomp)               4 = 5 + \texteuro
(textcomp)               3 = 4 + \textohm
(textcomp)               2 = 3 + \textestimated + \textcurrency
(textcomp)               1 = TS1 - \textcircled - \t
(textcomp)               0 = TS1 (full)
(textcomp)             Font families with sub-encoding setting implement
(textcomp)             only a restricted character set as indicated.
(textcomp)             Family '?' is the default used for unknown fonts.
(textcomp)             See the documentation for details.
Package textcomp Info: Setting ? sub-encoding to TS1/1 on input line 71.

(/usr/local/texlive/2013/texmf-dist/tex/latex/base/ts1enc.def
File: ts1enc.def 2001/06/05 v3.0e (jk/car/fm) Standard LaTeX file
)
LaTeX Info: Redefining \oldstylenums on input line 266.
Package textcomp Info: Setting cmr sub-encoding to TS1/0 on input line 281.
Package textcomp Info: Setting cmss sub-encoding to TS1/0 on input line 282.
Package textcomp Info: Setting cmtt sub-encoding to TS1/0 on input line 283.
Package textcomp Info: Setting cmvtt sub-encoding to TS1/0 on input line 284.
Package textcomp Info: Setting cmbr sub-encoding to TS1/0 on input line 285.
Package textcomp Info: Setting cmtl sub-encoding to TS1/0 on input line 286.
Package textcomp Info: Setting ccr sub-encoding to TS1/0 on input line 287.
Package textcomp Info: Setting ptm sub-encoding to TS1/4 on input line 288.
Package textcomp Info: Setting pcr sub-encoding to TS1/4 on input line 289.
Package textcomp Info: Setting phv sub-encoding to TS1/4 on input line 290.
Package textcomp Info: Setting ppl sub-encoding to TS1/3 on input line 291.
Package textcomp Info: Setting pag sub-encoding to TS1/4 on input line 292.
Package textcomp Info: Setting pbk sub-encoding to TS1/4 on input line 293.
Package textcomp Info: Setting pnc sub-encoding to TS1/4 on input line 294.
Package textcomp Info: Setting pzc sub-encoding to TS1/4 on input line 295.
Package textcomp Info: Setting bch sub-encoding to TS1/4 on input line 296.
Package textcomp Info: Setting put sub-encoding to TS1/5 on input line 297.
Package textcomp Info: Setting uag sub-encoding to TS1/5 on input line 298.
Package textcomp Info: Setting ugq sub-encoding to TS1/5 on input line 299.
Package textcomp Info: Setting ul8 sub-encoding to TS1/4 on input line 300.
Package textcomp Info: Setting ul9 sub-encoding to TS1/4 on input line 301.
Package textcomp Info: Setting augie sub-encoding to TS1/5 on input line 302.
Package textcomp Info: Setting dayrom sub-encoding to TS1/3 on input line 303.
Package textcomp Info: Setting dayroms sub-encoding to TS1/3 on input line 304.

Package textcomp Info: Setting pxr sub-encoding to TS1/0 on input line 305.
Package textcomp Info: Setting pxss sub-encoding to TS1/0 on input line 306.
Package textcomp Info: Setting pxtt sub-encoding to TS1/0 on input line 307.
Package textcomp Info: Setting txr sub-encoding to TS1/0 on input line 308.
Package textcomp Info: Setting txss sub-encoding to TS1/0 on input line 309.
Package textcomp Info: Setting txtt sub-encoding to TS1/0 on input line 310.
Package textcomp Info: Setting lmr sub-encoding to TS1/0 on input line 311.
Package textcomp Info: Setting lmdh sub-encoding to TS1/0 on input line 312.
Package textcomp Info: Setting lmss sub-encoding to TS1/0 on input line 313.
Package textcomp Info: Setting lmssq sub-encoding to TS1/0 on input line 314.
Package textcomp Info: Setting lmvtt sub-encoding to TS1/0 on input line 315.
Package textcomp Info: Setting qhv sub-encoding to TS1/0 on input line 316.
Package textcomp Info: Setting qag sub-encoding to TS1/0 on input line 317.
Package textcomp Info: Setting qbk sub-encoding to TS1/0 on input line 318.
Package textcomp Info: Setting qcr sub-encoding to TS1/0 on input line 319.
Package textcomp Info: Setting qcs sub-encoding to TS1/0 on input line 320.
Package textcomp Info: Setting qpl sub-encoding to TS1/0 on input line 321.
Package textcomp Info: Setting qtm sub-encoding to TS1/0 on input line 322.
Package textcomp Info: Setting qzc sub-encoding to TS1/0 on input line 323.
Package textcomp Info: Setting qhvc sub-encoding to TS1/0 on input line 324.
Package textcomp Info: Setting futs sub-encoding to TS1/4 on input line 325.
Package textcomp Info: Setting futx sub-encoding to TS1/4 on input line 326.
Package textcomp Info: Setting futj sub-encoding to TS1/4 on input line 327.
Package textcomp Info: Setting hlh sub-encoding to TS1/3 on input line 328.
Package textcomp Info: Setting hls sub-encoding to TS1/3 on input line 329.
Package textcomp Info: Setting hlst sub-encoding to TS1/3 on input line 330.
Package textcomp Info: Setting hlct sub-encoding to TS1/5 on input line 331.
Package textcomp Info: Setting hlx sub-encoding to TS1/5 on input line 332.
Package textcomp Info: Setting hlce sub-encoding to TS1/5 on input line 333.
Package textcomp Info: Setting hlcn sub-encoding to TS1/5 on input line 334.
Package textcomp Info: Setting hlcw sub-encoding to TS1/5 on input line 335.
Package textcomp Info: Setting hlcf sub-encoding to TS1/5 on input line 336.
Package textcomp Info: Setting pplx sub-encoding to TS1/3 on input line 337.
Package textcomp Info: Setting pplj sub-encoding to TS1/3 on input line 338.
Package textcomp Info: Setting ptmx sub-encoding to TS1/4 on input line 339.
Package textcomp Info: Setting ptmj sub-encoding to TS1/4 on input line 340.
)
(/usr/local/texlive/2013/texmf-dist/tex/latex/xifthen/xifthen.sty
Package: xifthen 2009/04/17 v1.3 Extended ifthen features

(/usr/local/texlive/2013/texmf-dist/tex/latex/tools/calc.sty
Package: calc 2007/08/22 v4.3 Infix arithmetic (KKT,FJ)
\calc@Acount=\count172
\calc@Bcount=\count173
\calc@Adimen=\dimen171
\calc@Bdimen=\dimen172
\calc@Askip=\skip63
\calc@Bskip=\skip64
LaTeX Info: Redefining \setlength on input line 76.
LaTeX Info: Redefining \addtolength on input line 77.
\calc@Ccount=\count174
\calc@Cskip=\skip65
)
(/usr/local/texlive/2013/texmf-dist/tex/latex/base/ifthen.sty
Package: ifthen 2001/05/26 v1.1c Standard LaTeX ifthen package (DPC)
)
(/usr/local/texlive/2013/texmf-dist/tex/latex/ifmtarg/ifmtarg.sty
Package: ifmtarg 2009/09/02 v1.2a check for an empty argument
))
(/usr/local/texlive/2013/texmf-dist/tex/latex/etoolbox/etoolbox.sty
Package: etoolbox 2011/01/03 v2.1 e-TeX tools for LaTeX
\etb@tempcnta=\count175
)
Class revtex4-1 Info: Patching array package. on input line 114.
Class revtex4-1 Info: Robustifying \LaTeX's \boldmath command on input line 114
.
Class revtex4-1 Info: cite was not loaded (OK!) on input line 114.
Class revtex4-1 Info: mcite was not loaded (OK!) on input line 114.
Class revtex4-1 Info: multicol was not loaded (OK!) on input line 114.

(./supp.aux)
\openout1 = `supp.aux'.

LaTeX Font Info:    Checking defaults for OML/ntxmi/m/it on input line 114.
LaTeX Font Info:    Try loading font information for OML+ntxmi on input line 11
4.
 (/usr/local/texlive/2013/texmf-dist/tex/latex/newtx/omlntxmi.fd
File: omlntxmi.fd 2012/03/22 Fontinst v1.933 font definitions for OML/ntxmi.
)
LaTeX Font Info:    ... okay on input line 114.
LaTeX Font Info:    Checking defaults for T1/cmr/m/n on input line 114.
LaTeX Font Info:    ... okay on input line 114.
LaTeX Font Info:    Checking defaults for OT1/cmr/m/n on input line 114.
LaTeX Font Info:    ... okay on input line 114.
LaTeX Font Info:    Checking defaults for OMS/ntxsy/m/n on input line 114.
LaTeX Font Info:    Try loading font information for OMS+ntxsy on input line 11
4.

(/usr/local/texlive/2013/texmf-dist/tex/latex/newtx/omsntxsy.fd
File: omsntxsy.fd 2012/11/14 Fontinst v1.933 font definitions for OMS/ntxsy.
)
LaTeX Font Info:    ... okay on input line 114.
LaTeX Font Info:    Checking defaults for OMX/ntxex/m/n on input line 114.
LaTeX Font Info:    Try loading font information for OMX+ntxex on input line 11
4.

(/usr/local/texlive/2013/texmf-dist/tex/latex/newtx/omxntxex.fd
File: omxntxex.fd 2012/04/18 Fontinst v1.933 font definitions for OMX/ntxex.
)
LaTeX Font Info:    ... okay on input line 114.
LaTeX Font Info:    Checking defaults for U/ntxexa/m/n on input line 114.
LaTeX Font Info:    Try loading font information for U+ntxexa on input line 114
.

(/usr/local/texlive/2013/texmf-dist/tex/latex/newtx/untxexa.fd
File: untxexa.fd 2012/04/16 Fontinst v1.933 font definitions for U/ntxexa.
)
LaTeX Font Info:    ... okay on input line 114.
LaTeX Font Info:    Checking defaults for PD1/pdf/m/n on input line 114.
LaTeX Font Info:    ... okay on input line 114.
LaTeX Font Info:    Checking defaults for TS1/cmr/m/n on input line 114.
LaTeX Font Info:    Try loading font information for TS1+cmr on input line 114.


(/usr/local/texlive/2013/texmf-dist/tex/latex/base/ts1cmr.fd
File: ts1cmr.fd 1999/05/25 v2.5h Standard LaTeX font definitions
)
LaTeX Font Info:    ... okay on input line 114.
LaTeX Font Info:    Try loading font information for T1+ntxrx on input line 114
.

(/usr/local/texlive/2013/texmf-dist/tex/latex/newtx/t1ntxrx.fd
File: t1ntxrx.fd 2012/12/25 v1.0
)
(/usr/local/texlive/2013/texmf-dist/tex/context/base/supp-pdf.mkii
[Loading MPS to PDF converter (version 2006.09.02).]
\scratchcounter=\count176
\scratchdimen=\dimen173
\scratchbox=\box65
\nofMPsegments=\count177
\nofMParguments=\count178
\everyMPshowfont=\toks28
\MPscratchCnt=\count179
\MPscratchDim=\dimen174
\MPnumerator=\count180
\makeMPintoPDFobject=\count181
\everyMPtoPDFconversion=\toks29
) (/usr/local/texlive/2013/texmf-dist/tex/latex/oberdiek/epstopdf-base.sty
Package: epstopdf-base 2010/02/09 v2.5 Base part for package epstopdf

(/usr/local/texlive/2013/texmf-dist/tex/latex/oberdiek/grfext.sty
Package: grfext 2010/08/19 v1.1 Manage graphics extensions (HO)
)
Package grfext Info: Graphics extension search list:
(grfext)             [.png,.pdf,.jpg,.mps,.jpeg,.jbig2,.jb2,.PNG,.PDF,.JPG,.JPE
G,.JBIG2,.JB2,.eps]
(grfext)             \AppendGraphicsExtensions on input line 452.

(/usr/local/texlive/2013/texmf-dist/tex/latex/latexconfig/epstopdf-sys.cfg
File: epstopdf-sys.cfg 2010/07/13 v1.3 Configuration of (r)epstopdf for TeX Liv
e
))
*geometry* driver: auto-detecting
*geometry* detected driver: pdftex
*geometry* verbose mode - [ preamble ] result:
* driver: pdftex
* paper: <default>
* layout: <same size as paper>
* layoutoffset:(h,v)=(0.0pt,0.0pt)
* hratio: 1:1
* vratio: 1:1
* modes: 
* h-part:(L,W,R)=(56.9055pt, 500.484pt, 56.9055pt)
* v-part:(T,H,B)=(79.66771pt, 644.1704pt, 71.13188pt)
* \paperwidth=614.295pt
* \paperheight=794.96999pt
* \textwidth=500.484pt
* \textheight=644.1704pt
* \oddsidemargin=-15.36449pt
* \evensidemargin=-15.36449pt
* \topmargin=-33.60228pt
* \headheight=25.0pt
* \headsep=16.0pt
* \topskip=10.0pt
* \footskip=30.0pt
* \marginparwidth=30.0pt
* \marginparsep=6.0pt
* \columnsep=18.0pt
* \skip\footins=39.0pt plus 4.0pt minus 12.0pt
* \hoffset=0.0pt
* \voffset=0.0pt
* \mag=1000
* \@twocolumnfalse
* \@twosidefalse
* \@mparswitchfalse
* \@reversemarginfalse
* (1in=72.27pt=25.4mm, 1cm=28.453pt)

\c@mv@tabular=\count182
\c@mv@boldtabular=\count183

(/usr/local/texlive/2013/texmf-dist/tex/latex/beamer/translator/dicts/translato
r-basic-dictionary/translator-basic-dictionary-English.dict
Dictionary: translator-basic-dictionary, Language: English 
)
(/usr/local/texlive/2013/texmf-dist/tex/latex/siunitx/config/siunitx-abbreviati
ons.cfg
File: siunitx-abbreviations.cfg 2013/03/11 v2.5q siunitx: Abbreviated units
)
\AtBeginShipoutBox=\box66
Package hyperref Info: Link coloring ON on input line 114.
 (/usr/local/texlive/2013/texmf-dist/tex/latex/hyperref/nameref.sty
Package: nameref 2012/10/27 v2.43 Cross-referencing by name of section

(/usr/local/texlive/2013/texmf-dist/tex/generic/oberdiek/gettitlestring.sty
Package: gettitlestring 2010/12/03 v1.4 Cleanup title references (HO)
)
\c@section@level=\count184
)
LaTeX Info: Redefining \ref on input line 114.
LaTeX Info: Redefining \pageref on input line 114.
LaTeX Info: Redefining \nameref on input line 114.

(./supp.out) (./supp.out)
\@outlinefile=\write4
\openout4 = `supp.out'.

LaTeX Info: Redefining \microtypecontext on input line 114.
Package microtype Info: Generating PDF output.
Package microtype Info: Character protrusion enabled (level 2).
Package microtype Info: Using default protrusion set `alltext'.
Package microtype Info: Automatic font expansion enabled (level 2),
(microtype)             stretch: 20, shrink: 20, step: 1, non-selected.
Package microtype Info: Using default expansion set `basictext'.
Package microtype Info: No adjustment of tracking.
Package microtype Info: No adjustment of interword spacing.
Package microtype Info: No adjustment of character kerning.
Package microtype Info: Loading generic settings for font family
(microtype)             `ntxrx' (encoding: T1).
(microtype)             For optimal results, create family-specific settings.
(microtype)             See the microtype manual for details.
Class revtex4-1 Info: Taking \maketitle back from hyperref on input line 114.
\openout3 = `suppNotes.bib'.

\c__siunitx_mathsf_int=\count185
LaTeX Font Info:    Try loading font information for U+ntxsya on input line 114
.

(/usr/local/texlive/2013/texmf-dist/tex/latex/newtx/untxsya.fd
File: untxsya.fd 2012/04/12 Fontinst v1.933 font definitions for U/ntxsya.
)
LaTeX Font Info:    Try loading font information for U+ntxsyb on input line 114
.

(/usr/local/texlive/2013/texmf-dist/tex/latex/newtx/untxsyb.fd
File: untxsyb.fd 2012/04/12 Fontinst v1.933 font definitions for U/ntxsyb.
)
LaTeX Font Info:    Try loading font information for U+ntxmia on input line 114
.

(/usr/local/texlive/2013/texmf-dist/tex/latex/newtx/untxmia.fd
File: untxmia.fd 2012/04/16 Fontinst v1.933 font definitions for U/ntxmia.
)
LaTeX Font Info:    Try loading font information for U+ntxsyc on input line 114
.

(/usr/local/texlive/2013/texmf-dist/tex/latex/newtx/untxsyc.fd
File: untxsyc.fd 2012/04/12 Fontinst v1.933 font definitions for U/ntxsyc.
)
LaTeX Font Info:    Try loading font information for T1+ntxss on input line 114
.

(/usr/local/texlive/2013/texmf-dist/tex/latex/newtx/t1ntxss.fd
File: t1ntxss.fd 2000/12/15 v3.1
)
Package microtype Info: Loading generic settings for font family
(microtype)             `ntxss' (encoding: T1).
(microtype)             For optimal results, create family-specific settings.
(microtype)             See the microtype manual for details.
\c__siunitx_mathtt_int=\count186
LaTeX Font Info:    Try loading font information for T1+ntxtt on input line 114
.

(/usr/local/texlive/2013/texmf-dist/tex/latex/newtx/t1ntxtt.fd
File: t1ntxtt.fd 2012/04/20 v3.1
)
Package microtype Info: Loading generic settings for font family
(microtype)             `ntxtt' (encoding: T1).
(microtype)             For optimal results, create family-specific settings.
(microtype)             See the microtype manual for details.
LaTeX Font Info:    Calculating math sizes for size <7.3> on input line 133.

<enhancement.png, id=10, 448.67625pt x 303.1325pt>
File: enhancement.png Graphic file (type png)
 <use enhancement.png>
Package pdftex.def Info: enhancement.png used on input line 139.
(pdftex.def)             Requested size: 300.29344pt x 202.88957pt.


Class revtex4-1 Warning: Float cannot be placed.

No file supp.bbl.
Package atveryend Info: Executing hook `AtVeryEndDocument' on input line 151.
[1{/usr/local/texlive/2013/texmf-var/fonts/map/pdftex/updmap/pdftex.map}]
[2 <./enhancement.png>]
Package atveryend Info: Empty hook `AfterLastShipout' on input line 151.
 (./supp.aux)
Package atveryend Info: Executing hook `AtEndAfterFileList' on input line 151.


Package rerunfilecheck Warning: File `supp.out' has changed.
(rerunfilecheck)                Rerun to get outlines right
(rerunfilecheck)                or use package `bookmark'.

Package rerunfilecheck Info: Checksums for `supp.out':
(rerunfilecheck)             Before: FC82D23E9118BEA37690D2574D94A84F;111
(rerunfilecheck)             After:  39C98D70DB435170A04A6ECEDFB55FA0;112.
 ) 
Here is how much of TeX's memory you used:
 20577 strings out of 493315
 377304 string characters out of 6137904
 442378 words of memory out of 5000000
 23650 multiletter control sequences out of 15000+600000
 60585 words of font info for 134 fonts, out of 8000000 for 9000
 957 hyphenation exceptions out of 8191
 40i,6n,52p,587b,799s stack positions out of 5000i,500n,10000p,200000b,80000s
pdfTeX warning (dest): name{frontmatter.2} has been referenced but does not e
xist, replaced by a fixed one

pdfTeX warning (dest): name{frontmatter.1} has been referenced but does not exi
st, replaced by a fixed one

{/usr/local/texlive/2013/texmf-dist/fonts/enc/dvips/base/8r.enc}</usr/local/tex
live/2013/texmf-dist/fonts/type1/public/newtx/txsy7.pfb></usr/local/texlive/201
3/texmf-dist/fonts/type1/urw/helvetic/uhvb8a.pfb></usr/local/texlive/2013/texmf
-dist/fonts/type1/urw/helvetic/uhvr8a.pfb></usr/local/texlive/2013/texmf-dist/f
onts/type1/urw/times/utmb8a.pfb></usr/local/texlive/2013/texmf-dist/fonts/type1
/urw/times/utmr8a.pfb></usr/local/texlive/2013/texmf-dist/fonts/type1/urw/times
/utmri8a.pfb>
Output written on supp.pdf (2 pages, 86280 bytes).
PDF statistics:
 52 PDF objects out of 1000 (max. 8388607)
 40 compressed objects within 1 object stream
 6 named destinations out of 1000 (max. 500000)
 32782 words of extra memory for PDF output out of 35830 (max. 10000000)

